2025-04-09 12:47:28,744 - DataAnalyzer - INFO - Приложение запущено
2025-04-09 12:49:31,067 - DataAnalyzer - INFO - Загруженные данные:
     <T>/∆T     <W>*h/α  <U'T'>*h^2/α^2  <U'U'>*h^2/α^2  <U'W'>*h^2/α^2  <V'V'>*h^2/α^2  <W'T'>*h^2/α^2  <W'W'>*h^2/α^2  <T'T'>/∆T^2         <P_k>         <ε_k>  <P_k>/<e_k>  η_kolmogorov/∆_x  η_kolmogorov/∆_y  η_kolmogorov/∆_z     X (m)     Y (m)     Z (m)
0 -0.459515  -77.754739        0.030921       10.483235       -2.742015     1264.249091        0.071286     1494.211984     0.000595  2.597480e-10 -2.585842e-07    -0.001005          0.730632          0.197263          0.197263  0.992500  0.027778  0.027778
1 -0.459358  -77.713213        0.032287       10.585076       -1.644355     1262.250874        0.067694     1501.273456     0.000629  1.760711e-10 -2.586376e-07    -0.000681          0.730594          0.197253          0.197253  0.992500  0.027778  0.083333
2 -0.373590 -187.301227        0.533436      204.738306       44.074806     7604.481073        1.616054     9734.745392     0.005244 -2.073373e-09 -1.386404e-07     0.014955          0.716970          0.230528          0.230528  0.976069  0.027778  0.027778
3 -0.459436  -77.616575        0.031178       10.397505       -2.061476     1228.520948        0.068232     1473.782227     0.000595  1.853607e-10 -2.542552e-07    -0.000729          0.733722          0.198098          0.198098  0.992500  0.083333  0.027778
4 -0.459438  -77.671477        0.032556       10.849505       -2.084329     1260.482821        0.068291     1510.294237     0.000635  1.958958e-10 -2.596331e-07    -0.000755          0.729893          0.197064          0.197064  0.992500  0.027778  0.138889
2025-04-09 12:49:31,067 - DataAnalyzer - INFO - Обновление меню столбцов: ['<T>/∆T', '<W>*h/α', "<U'T'>*h^2/α^2", "<U'U'>*h^2/α^2", "<U'W'>*h^2/α^2", "<V'V'>*h^2/α^2", "<W'T'>*h^2/α^2", "<W'W'>*h^2/α^2", "<T'T'>/∆T^2", '<P_k>', '<ε_k>', '<P_k>/<e_k>', 'η_kolmogorov/∆_x', 'η_kolmogorov/∆_y', 'η_kolmogorov/∆_z', 'X (m)', 'Y (m)', 'Z (m)']
2025-04-09 12:49:44,439 - DataAnalyzer - INFO - Данные отсортированы по ['X (m)', 'Y (m)', 'Z (m)']
2025-04-09 12:49:55,928 - DataAnalyzer - INFO - Удалено строк с стенками: 0
2025-04-09 12:49:56,023 - DataAnalyzer - INFO - Размеры ячеек и вес рассчитаны
2025-04-09 12:50:32,035 - DataAnalyzer - INFO - Агрегация по X (m): ['<T>/∆T', '<W>*h/α', "<U'T'>*h^2/α^2", "<U'U'>*h^2/α^2", "<U'W'>*h^2/α^2", "<V'V'>*h^2/α^2", "<W'T'>*h^2/α^2", "<W'W'>*h^2/α^2", "<T'T'>/∆T^2", '<P_k>', '<ε_k>', '<P_k>/<e_k>', 'η_kolmogorov/∆_x', 'η_kolmogorov/∆_y', 'η_kolmogorov/∆_z']
2025-04-09 12:50:32,036 - DataAnalyzer - INFO - Обновление меню столбцов: ['X (m)', '<T>/∆T', '<W>*h/α', "<U'T'>*h^2/α^2", "<U'U'>*h^2/α^2", "<U'W'>*h^2/α^2", "<V'V'>*h^2/α^2", "<W'T'>*h^2/α^2", "<W'W'>*h^2/α^2", "<T'T'>/∆T^2", '<P_k>', '<ε_k>', '<P_k>/<e_k>', 'η_kolmogorov/∆_x', 'η_kolmogorov/∆_y', 'η_kolmogorov/∆_z']
2025-04-09 12:50:49,049 - DataAnalyzer - INFO - Данные успешно экспортированы в файл: D:/Oskirko/tables/data_result_r23_general_filter.csv
2025-04-09 12:50:49,049 - DataAnalyzer - INFO - Данные успешно экспортированы
2025-04-09 12:50:55,535 - DataAnalyzer - INFO - Кривая успешно добавлена: {'x': 'X (m)', 'y': 'η_kolmogorov/∆_z', 'color': 'blue', 'style': '-', 'label': '', 'axis': 'left', 'marker': '', 'line_width': 1.0}
2025-04-09 12:50:56,544 - DataAnalyzer - INFO - Статический график успешно построен
2025-04-09 12:50:56,544 - DataAnalyzer - INFO - График успешно построен
2025-04-09 12:51:14,543 - DataAnalyzer - INFO - Кривая успешно добавлена: {'x': 'X (m)', 'y': 'η_kolmogorov/∆_x', 'color': 'red', 'style': '-', 'label': '', 'axis': 'left', 'marker': '', 'line_width': 1.0}
2025-04-09 12:51:15,278 - DataAnalyzer - INFO - Статический график успешно построен
2025-04-09 12:51:15,278 - DataAnalyzer - INFO - График успешно построен
2025-04-09 17:54:28,752 - DataAnalyzer - INFO - Статический график успешно построен
2025-04-09 17:54:28,752 - DataAnalyzer - INFO - График успешно построен
